INFO  2023-08-23 14:18:41,912 minitest.py _miniSetUp      340 =========Current case: test_handle_modal_02=========
INFO  2023-08-23 14:18:41,912 minitest.py _miniSetUp      343 package info: D:.路路游小程序.tests.test_login, case info: TestShouye_1.test_handle_modal_02
INFO  2023-08-23 14:18:41,913 basenative.py wrapper         24  call BaseNative.check_connection
INFO  2023-08-23 14:18:41,913 basenative.py wrapper         28  call BaseNative.check_connection end
INFO  2023-08-23 14:18:41,914 minitest.py capture         686 capture setup.png
INFO  2023-08-23 14:18:41,915 basenative.py wrapper         24  call IdeNative.screen_shot
DEBUG 2023-08-23 14:18:41,915 connection.py _safely_send    417 SEND > {"id":"e151337c-3796-4837-91bc-ed0dc6359644","method":"App.captureScreenshot","params":{}}
DEBUG 2023-08-23 14:18:42,082 connection.py _on_message     650 RECV < {"id":"e151337c-3796-4837-91bc-ed0dc6359644","result":{"data":"iVBORw0KGgoAAAANSUhEUgAAAawAAANDCAIAAAB+J7yFAAAAAXNSR0IArs4c6QAAIABJREFUeJzs3VlsHedh//3ZZ86+L9x5SIqbqJWyZS2WFadxEjuJEwco2rhL3AZN8b7ogqItUAQFAhRoLtrLtMA/CVK0yZtmqWs7dh3bsaRItixbokRxFUVxEdez7/tsz3sxySn/kmxLFC3Rmt/nypwzq4F888zMc45pQggFAGBKhBDmfp8DAMD9hAgCgKkhggBgaoggAJgaIggApoYIAoCpIYIAYGqIIACYGiIIAKaGCAKAqSGCAGBqiCAAmBoiCACmhggCgKkhggBgatydblBR63VdERneyokfxQkBANxLdzwS1Imu6ZpO6R/F2QAA3GM0flkaAEwLvywNAGaHCAKAqSGCAGBqiCAAmBoiCACmhggCgKkhggBgaoggAJ...
INFO  2023-08-23 14:18:42,084 basenative.py wrapper         28  call IdeNative.screen_shot end
INFO  2023-08-23 14:18:42,085 minitest.py _miniSetUp      393 =========case: test_handle_modal_02 start=========
DEBUG 2023-08-23 14:18:42,085 connection.py _safely_send    417 SEND > {"id":"acebb5fa-1118-428c-ac10-458cc23e4be2","method":"App.addBinding","params":{"name":"showModal_super_callback"}}
DEBUG 2023-08-23 14:18:42,088 connection.py _on_message     652 RECV < {"id":"acebb5fa-1118-428c-ac10-458cc23e4be2","result":{}}
DEBUG 2023-08-23 14:18:42,091 connection.py _safely_send    417 SEND > {"id":"afd229e1-fb23-44e9-a535-fafd116add79","method":"App.callFunction","params":{"functionDeclaration":"function hookWxMethod(){var e,_=wx._MINI_WX_PROXY_||wx;_.showModal_MiniumOrigin?e=_.showModal_MiniumOrigin:(e=_.showModal,Object.defineProperty(_,\"showModal_MiniumOrigin\",{configurable:!0,get:()=>e})),Object.defineProperty(_,\"showModal\",{configurable:!0,get:()=>function(..._){var t,n=_[0],$=!1;if(\"showModal\".endsWith(\"Sync\")||n&&(n.success||n.fail||n.complete)||($=!0),\"undefined\"!=typeof showModal_super_before&&showModal_super_before(..._),\"undefined\"!=typeof showModal_super_callback)if($)t=e(..._).then((function(e){return showModal_super_callback(e),e})).catch((function(e){throw showModal_super_callback(e),e}));else{if(n){var o=n.complete;n.complete=function(e){showModal_super_callback(e),o&&o(e)}}t=e(..._)}else t=e(..._);return\"undefined\"!=typeof showModal_super_after&&showModal_super_after(t),t}})}","args":[]}}
DEBUG 2023-08-23 14:18:42,095 connection.py _on_message     652 RECV < {"id":"afd229e1-fb23-44e9-a535-fafd116add79","result":{}}
INFO  2023-08-23 14:18:42,096 page.py    _get_elements_by_css 557 try to get elements: text="安徽省-安庆市!"
DEBUG 2023-08-23 14:18:42,097 connection.py _safely_send    417 SEND > {"id":"e40ba0a8-4f2b-44ad-b3ca-5b6ef705984f","method":"Page.getElements","params":{"selector":"text=\"\u5b89\u5fbd\u7701-\u5b89\u5e86\u5e02!\"","pageId":9}}
DEBUG 2023-08-23 14:18:42,118 connection.py _on_message     650 RECV < {"id":"e40ba0a8-4f2b-44ad-b3ca-5b6ef705984f","result":{"elements":[{"elementId":"b29db1d4-f14c-463a-86fd-99c9074a63df","tagName":"text"},{"elementId":"d360849b-dc85-4657-91fc-0f94828e617b","tagName":"text"},{"elementId":"cefd74b8-77fe-4cb2-b878-e4d2b0712c5e","tagName":"text"},{"elementId":"68f20d19-a731-4754-9c1a-3c6bdba58764","tagName":"text"},{"elementId":"d55510a9-f2da-4b50-9133-1229f34a47f8","tagName":"text"},{"elementId":"13cdc527-baaf-46e8-b8c6-a239a643f163","tagName":"text"},{"elementId":"1d40e122...
INFO  2023-08-23 14:18:42,122 page.py    _get_elements_by_css 564 find elements success: [<minium.miniprogram.base_driver.element.BaseElement object at 0x00000295E88AB160>]
DEBUG 2023-08-23 14:18:42,123 connection.py _safely_send    417 SEND > {"id":"bf01d387-b780-4712-a564-0ea03a0ee2cc","method":"Element.tap","params":{"elementId":"b29db1d4-f14c-463a-86fd-99c9074a63df","pageId":9}}
DEBUG 2023-08-23 14:18:42,128 connection.py _on_message     652 RECV < {"id":"bf01d387-b780-4712-a564-0ea03a0ee2cc","result":{}}
INFO  2023-08-23 14:18:44,130 basenative.py wrapper         24  call IdeNative.handle_modal
INFO  2023-08-23 14:18:44,131 basenative.py wrapper         24  call IdeNative.send
DEBUG 2023-08-23 14:18:44,132 connection.py _safely_send    417 SEND > {"id":"0de594ce-18fb-40c8-84c8-770b9ecead56","method":"Tool.native","params":{"method":"confirmModal","data":null}}
DEBUG 2023-08-23 14:18:44,141 connection.py _on_message     652 RECV < {"id":"0de594ce-18fb-40c8-84c8-770b9ecead56","result":{}}
INFO  2023-08-23 14:18:44,142 basenative.py wrapper         28  call IdeNative.send end
INFO  2023-08-23 14:18:44,143 basenative.py wrapper         27  IdeNative.handle_modal return {'id': '0de594ce-18fb-40c8-84c8-770b9ecead56', 'result': {}}
INFO  2023-08-23 14:18:44,145 basenative.py wrapper         28  call IdeNative.handle_modal end
INFO  2023-08-23 14:18:44,146 page.py    _get_elements_by_css 557 try to get elements: 
DEBUG 2023-08-23 14:18:44,148 connection.py _safely_send    417 SEND > {"id":"d8e74ac0-45b1-4192-8254-0dc0f92bfe80","method":"Page.getElements","params":{"selector":"","pageId":9}}
DEBUG 2023-08-23 14:18:44,164 connection.py _on_message     652 RECV < {"method":"App.bindingCalled","params":{"name":"showModal_super_callback","args":[{"errMsg":"showModal:ok","cancel":false,"confirm":true,"content":null}]}}
DEBUG 2023-08-23 14:18:44,165 app.py     super_callback  971 wx.showModal callback hook result: [{'errMsg': 'showModal:ok', 'cancel': False, 'confirm': True, 'content': None}]
DEBUG 2023-08-23 14:18:44,169 app.py     super_callback  971 wx.showModal callback hook result: [{'errMsg': 'showModal:ok', 'cancel': False, 'confirm': True, 'content': None}]
DEBUG 2023-08-23 14:18:44,213 connection.py _on_message     652 RECV < {"id":"d8e74ac0-45b1-4192-8254-0dc0f92bfe80","error":{"message":"page destroyed"}}
ERROR 2023-08-23 14:18:44,216 connection.py _on_message     660 [d8e74ac0-45b1-4192-8254-0dc0f92bfe80]: page destroyed
INFO  2023-08-23 14:18:44,219 page.py    _get_elements_by_css 557 try to get elements: 
DEBUG 2023-08-23 14:18:44,230 connection.py _safely_send    417 SEND > {"id":"1dec5ac7-46aa-4fe9-8cd6-03194a910f9b","method":"Page.getElements","params":{"selector":"","pageId":9}}
DEBUG 2023-08-23 14:18:44,237 connection.py _on_message     652 RECV < {"id":"1dec5ac7-46aa-4fe9-8cd6-03194a910f9b","error":{"message":"page destroyed"}}
ERROR 2023-08-23 14:18:44,241 connection.py _on_message     660 [1dec5ac7-46aa-4fe9-8cd6-03194a910f9b]: page destroyed
DEBUG 2023-08-23 14:18:44,247 minitest.py _miniTearDown   589 =========Current case Down: test_handle_modal_02=========
INFO  2023-08-23 14:18:44,262 minitest.py capture         686 capture teardown.png
INFO  2023-08-23 14:18:44,265 basenative.py wrapper         24  call IdeNative.screen_shot
DEBUG 2023-08-23 14:18:44,266 connection.py _safely_send    417 SEND > {"id":"40250693-f505-475e-8ced-1b8ce8827bfa","method":"App.captureScreenshot","params":{}}
DEBUG 2023-08-23 14:18:44,370 connection.py _on_message     652 RECV < {"method":"App.bindingCalled","params":{"name":"onAppRouteDone","args":[{"webviewId":3,"path":"pages/index/index","query":{},"openType":"navigateBack","__ts__":1692771524367},1692771524368]}}
INFO  2023-08-23 14:18:44,372 app.py     _on_route_changed 845 Route changed, {'name': 'onAppRouteDone', 'args': [{'webviewId': 3, 'path': 'pages/index/index', 'query': {}, 'openType': 'navigateBack', '__ts__': 1692771524367}, 1692771524368]}
DEBUG 2023-08-23 14:18:44,468 connection.py _on_message     652 RECV < {"method":"App.bindingCalled","params":{"name":"onAppRouteDone","args":[{"webviewId":3,"path":"pages/index/index","query":{},"openType":"navigateBack","__ts__":1692771524439},1692771524443]}}
INFO  2023-08-23 14:18:44,474 app.py     _on_route_changed 845 Route changed, {'name': 'onAppRouteDone', 'args': [{'webviewId': 3, 'path': 'pages/index/index', 'query': {}, 'openType': 'navigateBack', '__ts__': 1692771524439}, 1692771524443]}
DEBUG 2023-08-23 14:18:46,021 connection.py _on_message     650 RECV < {"id":"40250693-f505-475e-8ced-1b8ce8827bfa","result":{"data":"iVBORw0KGgoAAAANSUhEUgAAAawAAAOeCAIAAADQh7N0AAAAAXNSR0IArs4c6QAAIABJREFUeJx0ve2SHMmuJOYORFY1Z472arVmMumh9FR6TP2TyexKu1rt/RiyuzIDcP0AkNU8924bjcMhu6uyIiMcDocDyf/tf/8/DjMHDDCJSiKpJGlGACRJar6ClrSAImLvnZkAAEgCIMDXohndYAYgM3fEjrj2tfdOKUFTUvV2spRJLnj9EGkmMxgTTEUiAVFpAiVkKhWZmRmpDKWUUgKSBKiupy77/rOZkWb1q//H3MzNDDQzJ/94Pj8ey5zmWMuXcxkP0zIcxocvpNZhvtwXQV37+vnr6+fPz/OKndo7z/M6X1/7fFF1aQElIYMctmjL7Fj2WHw4n46FMMopY5rnWnoufy47XIflQT0WDsPj8MPzcB6LD+cyuOUyHc...
INFO  2023-08-23 14:18:46,027 basenative.py wrapper         28  call IdeNative.screen_shot end
INFO  2023-08-23 14:18:46,028 basenative.py wrapper         24  call BaseNative.get_start_up
INFO  2023-08-23 14:18:46,028 basenative.py wrapper         28  call BaseNative.get_start_up end
ERROR 2023-08-23 14:18:46,091 assertbase.py _get_stack_info 341 <bound method TestShouye_1.test_handle_modal_02 of <tests.test_login.TestShouye_1 testMethod=test_handle_modal_02>>
Traceback (most recent call last):
  File "D:\software\python-3.10.10\lib\site-packages\minium\miniprogram\base_driver\app.py", line 214, in wrapper
    return func(*args, **kwargs)
  File "D:\software\python-3.10.10\lib\site-packages\minium\miniprogram\base_driver\minium_log.py", line 172, in wrapper
    result = func(*args, **kwargs)
  File "D:\software\python-3.10.10\lib\site-packages\minium\miniprogram\base_driver\page.py", line 398, in get_elements
    return filter_elements()
  File "D:\software\python-3.10.10\lib\site-packages\minium\utils\utils.py", line 56, in wrapper
    r = func(*args, **kwargs)
  File "D:\software\python-3.10.10\lib\site-packages\minium\miniprogram\base_driver\page.py", line 384, in filter_elements
    elements = self._get_elements_by_css(selector, max_timeout, index=-1)
  File "D:\software\python-3.10.10\lib\site-packages\minium\miniprogram\base_driver\page.py", line 560, in _get_elements_by_css
    els = search_elements(_selector_list)
  File "D:\software\python-3.10.10\lib\site-packages\minium\utils\utils.py", line 56, in wrapper
    r = func(*args, **kwargs)
  File "D:\software\python-3.10.10\lib\site-packages\minium\miniprogram\base_driver\page.py", line 553, in search_elements
    return self.__search_child(
  File "D:\software\python-3.10.10\lib\site-packages\minium\miniprogram\base_driver\page.py", line 517, in __search_child
    els = self.__get_elements(_selector)
  File "D:\software\python-3.10.10\lib\site-packages\minium\utils\utils.py", line 82, in wrapper
    ret = func(*args, **kwargs)
  File "D:\software\python-3.10.10\lib\site-packages\minium\miniprogram\base_driver\page.py", line 495, in __get_elements
    ret = self._send("Page.getElements", {"selector": selector})
  File "D:\software\python-3.10.10\lib\site-packages\minium\miniprogram\base_driver\page.py", line 488, in _send
    self.connection.send(method, params)
  File "D:\software\python-3.10.10\lib\site-packages\minium\miniprogram\base_driver\connection.py", line 447, in send
    return self._receive_response(cmd)
  File "D:\software\python-3.10.10\lib\site-packages\minium\miniprogram\base_driver\connection.py", line 473, in _receive_response
    raise response
minium.framework.exception.PageDestroyed: page destroyed

During handling of the above exception, another exception occurred:

Traceback (most recent call last):
  File "D:\software\python-3.10.10\lib\site-packages\minium\framework\libs\unittest\case.py", line 265, in testPartExecutor
    yield
  File "D:\software\python-3.10.10\lib\site-packages\minium\framework\libs\unittest\case.py", line 350, in run
    self._callTestMethod(testMethod)
  File "D:\software\python-3.10.10\lib\unittest\case.py", line 549, in _callTestMethod
    method()
  File "D:\路路游小程序\tests\test_login.py", line 73, in test_handle_modal_02
    elements = self.page.get_elements(
  File "D:\software\python-3.10.10\lib\site-packages\minium\miniprogram\base_driver\app.py", line 217, in wrapper
    return attr(*args, **kwargs)
  File "D:\software\python-3.10.10\lib\site-packages\minium\miniprogram\base_driver\minium_log.py", line 172, in wrapper
    result = func(*args, **kwargs)
  File "D:\software\python-3.10.10\lib\site-packages\minium\miniprogram\base_driver\page.py", line 398, in get_elements
    return filter_elements()
  File "D:\software\python-3.10.10\lib\site-packages\minium\utils\utils.py", line 56, in wrapper
    r = func(*args, **kwargs)
  File "D:\software\python-3.10.10\lib\site-packages\minium\miniprogram\base_driver\page.py", line 384, in filter_elements
    elements = self._get_elements_by_css(selector, max_timeout, index=-1)
  File "D:\software\python-3.10.10\lib\site-packages\minium\miniprogram\base_driver\page.py", line 560, in _get_elements_by_css
    els = search_elements(_selector_list)
  File "D:\software\python-3.10.10\lib\site-packages\minium\utils\utils.py", line 56, in wrapper
    r = func(*args, **kwargs)
  File "D:\software\python-3.10.10\lib\site-packages\minium\miniprogram\base_driver\page.py", line 553, in search_elements
    return self.__search_child(
  File "D:\software\python-3.10.10\lib\site-packages\minium\miniprogram\base_driver\page.py", line 517, in __search_child
    els = self.__get_elements(_selector)
  File "D:\software\python-3.10.10\lib\site-packages\minium\utils\utils.py", line 82, in wrapper
    ret = func(*args, **kwargs)
  File "D:\software\python-3.10.10\lib\site-packages\minium\miniprogram\base_driver\page.py", line 495, in __get_elements
    ret = self._send("Page.getElements", {"selector": selector})
  File "D:\software\python-3.10.10\lib\site-packages\minium\miniprogram\base_driver\page.py", line 488, in _send
    self.connection.send(method, params)
  File "D:\software\python-3.10.10\lib\site-packages\minium\miniprogram\base_driver\connection.py", line 447, in send
    return self._receive_response(cmd)
  File "D:\software\python-3.10.10\lib\site-packages\minium\miniprogram\base_driver\connection.py", line 473, in _receive_response
    raise response
minium.framework.exception.PageDestroyed: page destroyed
